<?xml version="1.0" encoding="UTF-8"?>
<testsuite name="EndangeredAnimalTest" tests="3" skipped="0" failures="0" errors="0" timestamp="2019-04-29T07:52:23" hostname="Abdirahmans-MBP.lan" time="0.002">
  <properties/>
  <testcase name="endangeredAnimal_instantiatesCorrectly_true" classname="EndangeredAnimalTest" time="0.001"/>
  <testcase name="endangeredAnimal_getHealthInstantiatesCorrectly_String" classname="EndangeredAnimalTest" time="0.0"/>
  <testcase name="endangeredAnimal_getAgeInstantiatesCorrectly_String" classname="EndangeredAnimalTest" time="0.0"/>
  <system-out><![CDATA[]]></system-out>
  <system-err><![CDATA[]]></system-err>
</testsuite>
